INFO:root:product Symbology block: [150, 10, 10, 1, array([[  0,   0, 511,   0]], dtype=int16)]
INFO:root:product Symbology block: [164, 10, 10, 1, array([[511,   0, 511, 511]], dtype=int16)]
INFO:root:product Symbology block: [178, 10, 10, 1, array([[511, 511,   0, 511]], dtype=int16)]
INFO:root:product Symbology block: [192, 10, 10, 1, array([[  0, 511,   0,   0]], dtype=int16)]
INFO:root:product Symbology block: [206, 10, 10, 1, array([[ 52,   0,  52, 511]], dtype=int16)]
INFO:root:product Symbology block: [220, 10, 10, 1, array([[  0, 479, 511, 479]], dtype=int16)]
INFO:root:product Symbology block: [234, 10, 10, 1, array([[ 53,  20, 510,  20]], dtype=int16)]
INFO:root:product Symbology block: [248, 10, 10, 1, array([[ 53,  34, 510,  34]], dtype=int16)]
INFO:root:product Symbology block: [262, 10, 10, 1, array([[ 53,  49, 510,  49]], dtype=int16)]
INFO:root:product Symbology block: [276, 10, 10, 1, array([[ 53,  64, 510,  64]], dtype=int16)]
INFO:root:product Symbology block: [290, 10, 10, 1, array([[ 53,  79, 510,  79]], dtype=int16)]
INFO:root:product Symbology block: [304, 10, 10, 1, array([[ 53,  94, 510,  94]], dtype=int16)]
INFO:root:product Symbology block: [318, 10, 10, 1, array([[ 53, 109, 510, 109]], dtype=int16)]
INFO:root:product Symbology block: [332, 10, 10, 1, array([[ 53, 123, 510, 123]], dtype=int16)]
INFO:root:product Symbology block: [346, 10, 10, 1, array([[ 53, 138, 510, 138]], dtype=int16)]
INFO:root:product Symbology block: [360, 10, 10, 1, array([[ 53, 153, 510, 153]], dtype=int16)]
INFO:root:product Symbology block: [374, 10, 10, 1, array([[ 53, 168, 510, 168]], dtype=int16)]
INFO:root:product Symbology block: [388, 10, 10, 1, array([[ 53, 183, 510, 183]], dtype=int16)]
INFO:root:product Symbology block: [402, 10, 10, 1, array([[ 53, 198, 510, 198]], dtype=int16)]
INFO:root:product Symbology block: [416, 10, 10, 1, array([[ 53, 212, 510, 212]], dtype=int16)]
INFO:root:product Symbology block: [430, 10, 10, 1, array([[ 53, 227, 510, 227]], dtype=int16)]
INFO:root:product Symbology block: [444, 10, 10, 1, array([[ 53, 242, 510, 242]], dtype=int16)]
INFO:root:product Symbology block: [458, 10, 10, 1, array([[ 53, 257, 510, 257]], dtype=int16)]
INFO:root:product Symbology block: [472, 10, 10, 1, array([[ 53, 272, 510, 272]], dtype=int16)]
INFO:root:product Symbology block: [486, 10, 10, 1, array([[ 53, 287, 510, 287]], dtype=int16)]
INFO:root:product Symbology block: [500, 10, 10, 1, array([[ 53, 301, 510, 301]], dtype=int16)]
INFO:root:product Symbology block: [514, 10, 10, 1, array([[ 53, 316, 510, 316]], dtype=int16)]
INFO:root:product Symbology block: [528, 10, 10, 1, array([[ 53, 331, 510, 331]], dtype=int16)]
INFO:root:product Symbology block: [542, 10, 10, 1, array([[ 53, 346, 510, 346]], dtype=int16)]
INFO:root:product Symbology block: [556, 10, 10, 1, array([[ 53, 361, 510, 361]], dtype=int16)]
INFO:root:product Symbology block: [570, 10, 10, 1, array([[ 53, 376, 510, 376]], dtype=int16)]
INFO:root:product Symbology block: [584, 10, 10, 1, array([[ 53, 390, 510, 390]], dtype=int16)]
INFO:root:product Symbology block: [598, 10, 10, 1, array([[ 53, 405, 510, 405]], dtype=int16)]
INFO:root:product Symbology block: [612, 10, 10, 1, array([[ 53, 420, 510, 420]], dtype=int16)]
INFO:root:product Symbology block: [626, 10, 10, 1, array([[ 53, 435, 510, 435]], dtype=int16)]
INFO:root:product Symbology block: [640, 10, 10, 1, array([[ 53, 450, 510, 450]], dtype=int16)]
INFO:root:product Symbology block: [654, 10, 10, 1, array([[ 90, 469,  90, 479]], dtype=int16)]
INFO:root:product Symbology block: [668, 10, 10, 1, array([[128, 469, 128, 479]], dtype=int16)]
INFO:root:product Symbology block: [682, 10, 10, 1, array([[166, 469, 166, 479]], dtype=int16)]
INFO:root:product Symbology block: [696, 10, 10, 1, array([[205, 469, 205, 479]], dtype=int16)]
INFO:root:product Symbology block: [710, 10, 10, 1, array([[243, 469, 243, 479]], dtype=int16)]
INFO:root:product Symbology block: [724, 10, 10, 1, array([[282, 469, 282, 479]], dtype=int16)]
INFO:root:product Symbology block: [738, 10, 10, 1, array([[320, 469, 320, 479]], dtype=int16)]
INFO:root:product Symbology block: [752, 10, 10, 1, array([[358, 469, 358, 479]], dtype=int16)]
INFO:root:product Symbology block: [766, 10, 10, 1, array([[397, 469, 397, 479]], dtype=int16)]
INFO:root:product Symbology block: [780, 10, 10, 1, array([[435, 469, 435, 479]], dtype=int16)]
INFO:root:product Symbology block: [794, 10, 10, 1, array([[473, 469, 473, 479]], dtype=int16)]
INFO:root:[808, 8, 10, 4, 11, 490, b'TIME']
INFO:root:[826, 8, 14, 8, 2, 2, b'ALT KM\t\x00']
INFO:root:[840, 8, 10, 4, 76, 490, b'0500']
INFO:root:[854, 8, 10, 4, 114, 490, b'0506']
INFO:root:[868, 8, 10, 4, 152, 490, b'0512']
INFO:root:[882, 8, 10, 4, 191, 490, b'0518']
INFO:root:[896, 8, 10, 4, 229, 490, b'0524']
INFO:root:[910, 8, 10, 4, 268, 490, b'0530']
INFO:root:[924, 8, 10, 4, 306, 490, b'0536']
INFO:root:[938, 8, 10, 4, 344, 490, b'0542']
INFO:root:[952, 8, 10, 4, 383, 490, b'0548']
INFO:root:[966, 8, 10, 4, 421, 490, b'0554']
INFO:root:[980, 8, 10, 4, 459, 490, b'0600']
INFO:root:[994, 8, 10, 4, 21, 446, b'0.3\x00']
INFO:root:[1008, 8, 10, 4, 21, 431, b'0.6\x00']
INFO:root:[1022, 8, 10, 4, 21, 416, b'0.9\x00']
INFO:root:[1036, 8, 10, 4, 21, 401, b'1.2\x00']
INFO:root:[1050, 8, 10, 4, 21, 386, b'1.5\x00']
INFO:root:[1064, 8, 10, 4, 21, 372, b'1.8\x00']
INFO:root:[1078, 8, 10, 4, 21, 357, b'2.1\x00']
INFO:root:[1092, 8, 10, 4, 21, 342, b'2.4\x00']
INFO:root:[1106, 8, 10, 4, 21, 327, b'2.7\x00']
INFO:root:[1120, 8, 10, 4, 21, 312, b'3.0\x00']
INFO:root:[1134, 8, 10, 4, 21, 297, b'3.4\x00']
INFO:root:[1148, 8, 10, 4, 21, 283, b'3.7\x00']
INFO:root:[1162, 8, 10, 4, 21, 268, b'4.0\x00']
INFO:root:[1176, 8, 10, 4, 21, 253, b'4.3\x00']
INFO:root:[1190, 8, 10, 4, 21, 238, b'4.6\x00']
INFO:root:[1204, 8, 10, 4, 21, 223, b'4.9\x00']
INFO:root:[1218, 8, 10, 4, 21, 208, b'5.2\x00']
INFO:root:[1232, 8, 10, 4, 21, 194, b'5.5\x00']
INFO:root:[1246, 8, 10, 4, 21, 179, b'5.8\x00']
INFO:root:[1260, 8, 10, 4, 21, 164, b'6.1\x00']
INFO:root:[1274, 8, 10, 4, 21, 149, b'6.7\x00']
INFO:root:[1288, 8, 10, 4, 21, 134, b'7.3\x00']
INFO:root:[1302, 8, 10, 4, 21, 119, b'7.6\x00']
INFO:root:[1316, 8, 10, 4, 21, 105, b'7.9\x00']
INFO:root:[1330, 8, 10, 4, 21, 90, b'8.5\x00']
INFO:root:[1344, 8, 10, 4, 21, 75, b'9.1\x00']
INFO:root:[1358, 8, 10, 4, 21, 60, b'10.7']
INFO:root:[1372, 8, 10, 4, 21, 45, b'12.2']
INFO:root:[1386, 8, 10, 4, 21, 30, b'13.7']
INFO:root:[1400, 8, 10, 4, 21, 16, b'15.2']
INFO:root:Symbology block for windbarb(pcode=4): [1414, 90, 444, 186.0, 7.7166]
INFO:root:Symbology block for windbarb(pcode=4): [1428, 90, 429, 191.0, 7.7166]
INFO:root:Symbology block for windbarb(pcode=4): [1442, 90, 414, 202.0, 6.6877200000000006]
INFO:root:Symbology block for windbarb(pcode=4): [1456, 90, 399, 206.0, 8.74548]
INFO:root:Symbology block for windbarb(pcode=4): [1470, 90, 384, 205.0, 9.77436]
INFO:root:Symbology block for windbarb(pcode=4): [1484, 90, 370, 216.0, 8.23104]
INFO:root:Symbology block for windbarb(pcode=4): [1498, 90, 355, 233.0, 9.259920000000001]
INFO:root:Symbology block for windbarb(pcode=4): [1512, 90, 340, 254.0, 11.31768]
INFO:root:Symbology block for windbarb(pcode=4): [1526, 90, 325, 270.0, 13.375440000000001]
INFO:root:Symbology block for windbarb(pcode=4): [1540, 90, 310, 272.0, 12.861]
INFO:root:Symbology block for windbarb(pcode=4): [1554, 90, 295, 268.0, 11.31768]
INFO:root:Symbology block for windbarb(pcode=4): [1568, 90, 281, 252.0, 9.259920000000001]
INFO:root:[1580, 8, 8, 2, 90, 266, b'ND']
INFO:root:Symbology block for windbarb(pcode=8): [1580, 90, 266, nan, nan]
INFO:root:[1592, 8, 8, 2, 90, 251, b'ND']
INFO:root:Symbology block for windbarb(pcode=8): [1592, 90, 251, nan, nan]
INFO:root:[1604, 8, 8, 2, 90, 236, b'ND']
INFO:root:Symbology block for windbarb(pcode=8): [1604, 90, 236, nan, nan]
INFO:root:[1616, 8, 8, 2, 90, 221, b'ND']
INFO:root:Symbology block for windbarb(pcode=8): [1616, 90, 221, nan, nan]
INFO:root:[1628, 8, 8, 2, 90, 206, b'ND']
INFO:root:Symbology block for windbarb(pcode=8): [1628, 90, 206, nan, nan]
INFO:root:[1640, 8, 8, 2, 90, 192, b'ND']
INFO:root:Symbology block for windbarb(pcode=8): [1640, 90, 192, nan, nan]
INFO:root:[1652, 8, 8, 2, 90, 177, b'ND']
INFO:root:Symbology block for windbarb(pcode=8): [1652, 90, 177, nan, nan]
INFO:root:[1664, 8, 8, 2, 90, 162, b'ND']
INFO:root:Symbology block for windbarb(pcode=8): [1664, 90, 162, nan, nan]
INFO:root:Symbology block for windbarb(pcode=4): [1678, 90, 147, 8.0, 0.51444]
INFO:root:[1690, 8, 8, 2, 90, 132, b'ND']
INFO:root:Symbology block for windbarb(pcode=8): [1690, 90, 132, nan, nan]
INFO:root:[1702, 8, 8, 2, 90, 117, b'ND']
INFO:root:Symbology block for windbarb(pcode=8): [1702, 90, 117, nan, nan]
INFO:root:[1714, 8, 8, 2, 90, 103, b'ND']
INFO:root:Symbology block for windbarb(pcode=8): [1714, 90, 103, nan, nan]
INFO:root:[1726, 8, 8, 2, 90, 88, b'ND']
INFO:root:Symbology block for windbarb(pcode=8): [1726, 90, 88, nan, nan]
INFO:root:[1738, 8, 8, 2, 90, 73, b'ND']
INFO:root:Symbology block for windbarb(pcode=8): [1738, 90, 73, nan, nan]
INFO:root:[1750, 8, 8, 2, 90, 58, b'ND']
INFO:root:Symbology block for windbarb(pcode=8): [1750, 90, 58, nan, nan]
INFO:root:[1762, 8, 8, 2, 90, 43, b'ND']
INFO:root:Symbology block for windbarb(pcode=8): [1762, 90, 43, nan, nan]
INFO:root:[1774, 8, 8, 2, 90, 28, b'ND']
INFO:root:Symbology block for windbarb(pcode=8): [1774, 90, 28, nan, nan]
INFO:root:[1786, 8, 8, 2, 90, 14, b'ND']
INFO:root:Symbology block for windbarb(pcode=8): [1786, 90, 14, nan, nan]
INFO:root:Symbology block for windbarb(pcode=4): [1800, 128, 444, 179.0, 7.7166]
INFO:root:Symbology block for windbarb(pcode=4): [1814, 128, 429, 190.0, 7.7166]
INFO:root:Symbology block for windbarb(pcode=4): [1828, 128, 414, 199.0, 6.17328]
INFO:root:Symbology block for windbarb(pcode=4): [1842, 128, 399, 204.0, 8.74548]
INFO:root:Symbology block for windbarb(pcode=4): [1856, 128, 384, 218.0, 9.259920000000001]
INFO:root:Symbology block for windbarb(pcode=4): [1870, 128, 370, 216.0, 9.259920000000001]
INFO:root:Symbology block for windbarb(pcode=4): [1884, 128, 355, 240.0, 9.259920000000001]
INFO:root:Symbology block for windbarb(pcode=4): [1898, 128, 340, 253.0, 11.31768]
INFO:root:Symbology block for windbarb(pcode=4): [1912, 128, 325, 270.0, 13.375440000000001]
INFO:root:Symbology block for windbarb(pcode=4): [1926, 128, 310, 272.0, 13.375440000000001]
INFO:root:Symbology block for windbarb(pcode=4): [1940, 128, 295, 267.0, 10.80324]
INFO:root:Symbology block for windbarb(pcode=4): [1954, 128, 281, 264.0, 10.80324]
INFO:root:Symbology block for windbarb(pcode=4): [1968, 128, 266, 274.0, 5.65884]
INFO:root:[1980, 8, 8, 2, 128, 251, b'ND']
INFO:root:Symbology block for windbarb(pcode=8): [1980, 128, 251, nan, nan]
INFO:root:[1992, 8, 8, 2, 128, 236, b'ND']
INFO:root:Symbology block for windbarb(pcode=8): [1992, 128, 236, nan, nan]
INFO:root:[2004, 8, 8, 2, 128, 221, b'ND']
INFO:root:Symbology block for windbarb(pcode=8): [2004, 128, 221, nan, nan]
INFO:root:[2016, 8, 8, 2, 128, 206, b'ND']
INFO:root:Symbology block for windbarb(pcode=8): [2016, 128, 206, nan, nan]
INFO:root:[2028, 8, 8, 2, 128, 192, b'ND']
INFO:root:Symbology block for windbarb(pcode=8): [2028, 128, 192, nan, nan]
INFO:root:[2040, 8, 8, 2, 128, 177, b'ND']
INFO:root:Symbology block for windbarb(pcode=8): [2040, 128, 177, nan, nan]
INFO:root:[2052, 8, 8, 2, 128, 162, b'ND']
INFO:root:Symbology block for windbarb(pcode=8): [2052, 128, 162, nan, nan]
INFO:root:[2064, 8, 8, 2, 128, 147, b'ND']
INFO:root:Symbology block for windbarb(pcode=8): [2064, 128, 147, nan, nan]
INFO:root:[2076, 8, 8, 2, 128, 132, b'ND']
INFO:root:Symbology block for windbarb(pcode=8): [2076, 128, 132, nan, nan]
INFO:root:[2088, 8, 8, 2, 128, 117, b'ND']
INFO:root:Symbology block for windbarb(pcode=8): [2088, 128, 117, nan, nan]
INFO:root:[2100, 8, 8, 2, 128, 103, b'ND']
INFO:root:Symbology block for windbarb(pcode=8): [2100, 128, 103, nan, nan]
INFO:root:[2112, 8, 8, 2, 128, 88, b'ND']
INFO:root:Symbology block for windbarb(pcode=8): [2112, 128, 88, nan, nan]
INFO:root:[2124, 8, 8, 2, 128, 73, b'ND']
INFO:root:Symbology block for windbarb(pcode=8): [2124, 128, 73, nan, nan]
INFO:root:[2136, 8, 8, 2, 128, 58, b'ND']
INFO:root:Symbology block for windbarb(pcode=8): [2136, 128, 58, nan, nan]
INFO:root:[2148, 8, 8, 2, 128, 43, b'ND']
INFO:root:Symbology block for windbarb(pcode=8): [2148, 128, 43, nan, nan]
INFO:root:[2160, 8, 8, 2, 128, 28, b'ND']
INFO:root:Symbology block for windbarb(pcode=8): [2160, 128, 28, nan, nan]
INFO:root:[2172, 8, 8, 2, 128, 14, b'ND']
INFO:root:Symbology block for windbarb(pcode=8): [2172, 128, 14, nan, nan]
INFO:root:Symbology block for windbarb(pcode=4): [2186, 166, 444, 179.0, 7.7166]
INFO:root:Symbology block for windbarb(pcode=4): [2200, 166, 429, 190.0, 6.6877200000000006]
INFO:root:Symbology block for windbarb(pcode=4): [2214, 166, 414, 197.0, 6.6877200000000006]
INFO:root:Symbology block for windbarb(pcode=4): [2228, 166, 399, 204.0, 9.259920000000001]
INFO:root:Symbology block for windbarb(pcode=4): [2242, 166, 384, 215.0, 9.77436]
INFO:root:Symbology block for windbarb(pcode=4): [2256, 166, 370, 214.0, 8.74548]
INFO:root:Symbology block for windbarb(pcode=4): [2270, 166, 355, 240.0, 8.23104]
INFO:root:Symbology block for windbarb(pcode=4): [2284, 166, 340, 258.0, 10.80324]
INFO:root:Symbology block for windbarb(pcode=4): [2298, 166, 325, 268.0, 12.861]
INFO:root:Symbology block for windbarb(pcode=4): [2312, 166, 310, 273.0, 13.375440000000001]
INFO:root:Symbology block for windbarb(pcode=4): [2326, 166, 295, 269.0, 11.83212]
INFO:root:Symbology block for windbarb(pcode=4): [2340, 166, 281, 257.0, 6.6877200000000006]
INFO:root:[2352, 8, 8, 2, 166, 266, b'ND']
INFO:root:Symbology block for windbarb(pcode=8): [2352, 166, 266, nan, nan]
INFO:root:[2364, 8, 8, 2, 166, 251, b'ND']
INFO:root:Symbology block for windbarb(pcode=8): [2364, 166, 251, nan, nan]
INFO:root:[2376, 8, 8, 2, 166, 236, b'ND']
INFO:root:Symbology block for windbarb(pcode=8): [2376, 166, 236, nan, nan]
INFO:root:[2388, 8, 8, 2, 166, 221, b'ND']
INFO:root:Symbology block for windbarb(pcode=8): [2388, 166, 221, nan, nan]
INFO:root:[2400, 8, 8, 2, 166, 206, b'ND']
INFO:root:Symbology block for windbarb(pcode=8): [2400, 166, 206, nan, nan]
INFO:root:[2412, 8, 8, 2, 166, 192, b'ND']
INFO:root:Symbology block for windbarb(pcode=8): [2412, 166, 192, nan, nan]
INFO:root:[2424, 8, 8, 2, 166, 177, b'ND']
INFO:root:Symbology block for windbarb(pcode=8): [2424, 166, 177, nan, nan]
INFO:root:[2436, 8, 8, 2, 166, 162, b'ND']
INFO:root:Symbology block for windbarb(pcode=8): [2436, 166, 162, nan, nan]
INFO:root:Symbology block for windbarb(pcode=4): [2450, 166, 147, 54.0, 0.51444]
INFO:root:[2462, 8, 8, 2, 166, 132, b'ND']
INFO:root:Symbology block for windbarb(pcode=8): [2462, 166, 132, nan, nan]
INFO:root:[2474, 8, 8, 2, 166, 117, b'ND']
INFO:root:Symbology block for windbarb(pcode=8): [2474, 166, 117, nan, nan]
INFO:root:[2486, 8, 8, 2, 166, 103, b'ND']
INFO:root:Symbology block for windbarb(pcode=8): [2486, 166, 103, nan, nan]
INFO:root:[2498, 8, 8, 2, 166, 88, b'ND']
INFO:root:Symbology block for windbarb(pcode=8): [2498, 166, 88, nan, nan]
INFO:root:[2510, 8, 8, 2, 166, 73, b'ND']
INFO:root:Symbology block for windbarb(pcode=8): [2510, 166, 73, nan, nan]
INFO:root:[2522, 8, 8, 2, 166, 58, b'ND']
INFO:root:Symbology block for windbarb(pcode=8): [2522, 166, 58, nan, nan]
INFO:root:[2534, 8, 8, 2, 166, 43, b'ND']
INFO:root:Symbology block for windbarb(pcode=8): [2534, 166, 43, nan, nan]
INFO:root:[2546, 8, 8, 2, 166, 28, b'ND']
INFO:root:Symbology block for windbarb(pcode=8): [2546, 166, 28, nan, nan]
INFO:root:[2558, 8, 8, 2, 166, 14, b'ND']
INFO:root:Symbology block for windbarb(pcode=8): [2558, 166, 14, nan, nan]
INFO:root:Symbology block for windbarb(pcode=4): [2572, 205, 444, 175.0, 6.6877200000000006]
INFO:root:Symbology block for windbarb(pcode=4): [2586, 205, 429, 188.0, 7.20216]
INFO:root:Symbology block for windbarb(pcode=4): [2600, 205, 414, 195.0, 6.6877200000000006]
INFO:root:Symbology block for windbarb(pcode=4): [2614, 205, 399, 205.0, 9.259920000000001]
INFO:root:Symbology block for windbarb(pcode=4): [2628, 205, 384, 206.0, 10.2888]
INFO:root:Symbology block for windbarb(pcode=4): [2642, 205, 370, 222.0, 8.23104]
INFO:root:Symbology block for windbarb(pcode=4): [2656, 205, 355, 241.0, 8.74548]
INFO:root:Symbology block for windbarb(pcode=4): [2670, 205, 340, 256.0, 11.31768]
INFO:root:Symbology block for windbarb(pcode=4): [2684, 205, 325, 268.0, 13.375440000000001]
INFO:root:Symbology block for windbarb(pcode=4): [2698, 205, 310, 273.0, 13.375440000000001]
INFO:root:Symbology block for windbarb(pcode=4): [2712, 205, 295, 269.0, 11.83212]
INFO:root:Symbology block for windbarb(pcode=4): [2726, 205, 281, 247.0, 9.259920000000001]
INFO:root:[2738, 8, 8, 2, 205, 266, b'ND']
INFO:root:Symbology block for windbarb(pcode=8): [2738, 205, 266, nan, nan]
INFO:root:[2750, 8, 8, 2, 205, 251, b'ND']
INFO:root:Symbology block for windbarb(pcode=8): [2750, 205, 251, nan, nan]
INFO:root:[2762, 8, 8, 2, 205, 236, b'ND']
INFO:root:Symbology block for windbarb(pcode=8): [2762, 205, 236, nan, nan]
INFO:root:[2774, 8, 8, 2, 205, 221, b'ND']
INFO:root:Symbology block for windbarb(pcode=8): [2774, 205, 221, nan, nan]
INFO:root:[2786, 8, 8, 2, 205, 206, b'ND']
INFO:root:Symbology block for windbarb(pcode=8): [2786, 205, 206, nan, nan]
INFO:root:[2798, 8, 8, 2, 205, 192, b'ND']
INFO:root:Symbology block for windbarb(pcode=8): [2798, 205, 192, nan, nan]
INFO:root:[2810, 8, 8, 2, 205, 177, b'ND']
INFO:root:Symbology block for windbarb(pcode=8): [2810, 205, 177, nan, nan]
INFO:root:[2822, 8, 8, 2, 205, 162, b'ND']
INFO:root:Symbology block for windbarb(pcode=8): [2822, 205, 162, nan, nan]
INFO:root:Symbology block for windbarb(pcode=4): [2836, 205, 147, 85.0, 0.51444]
INFO:root:[2848, 8, 8, 2, 205, 132, b'ND']
INFO:root:Symbology block for windbarb(pcode=8): [2848, 205, 132, nan, nan]
INFO:root:[2860, 8, 8, 2, 205, 117, b'ND']
INFO:root:Symbology block for windbarb(pcode=8): [2860, 205, 117, nan, nan]
INFO:root:[2872, 8, 8, 2, 205, 103, b'ND']
INFO:root:Symbology block for windbarb(pcode=8): [2872, 205, 103, nan, nan]
INFO:root:[2884, 8, 8, 2, 205, 88, b'ND']
INFO:root:Symbology block for windbarb(pcode=8): [2884, 205, 88, nan, nan]
INFO:root:[2896, 8, 8, 2, 205, 73, b'ND']
INFO:root:Symbology block for windbarb(pcode=8): [2896, 205, 73, nan, nan]
INFO:root:[2908, 8, 8, 2, 205, 58, b'ND']
INFO:root:Symbology block for windbarb(pcode=8): [2908, 205, 58, nan, nan]
INFO:root:[2920, 8, 8, 2, 205, 43, b'ND']
INFO:root:Symbology block for windbarb(pcode=8): [2920, 205, 43, nan, nan]
INFO:root:[2932, 8, 8, 2, 205, 28, b'ND']
INFO:root:Symbology block for windbarb(pcode=8): [2932, 205, 28, nan, nan]
INFO:root:[2944, 8, 8, 2, 205, 14, b'ND']
INFO:root:Symbology block for windbarb(pcode=8): [2944, 205, 14, nan, nan]
INFO:root:[2956, 8, 8, 2, 243, 444, b'ND']
INFO:root:Symbology block for windbarb(pcode=8): [2956, 243, 444, nan, nan]
INFO:root:Symbology block for windbarb(pcode=4): [2970, 243, 429, 191.0, 6.6877200000000006]
INFO:root:Symbology block for windbarb(pcode=4): [2984, 243, 414, 200.0, 6.17328]
INFO:root:Symbology block for windbarb(pcode=4): [2998, 243, 399, 205.0, 8.74548]
INFO:root:Symbology block for windbarb(pcode=4): [3012, 243, 384, 215.0, 10.2888]
INFO:root:Symbology block for windbarb(pcode=4): [3026, 243, 370, 228.0, 8.23104]
INFO:root:Symbology block for windbarb(pcode=4): [3040, 243, 355, 240.0, 9.259920000000001]
INFO:root:Symbology block for windbarb(pcode=4): [3054, 243, 340, 260.0, 10.80324]
INFO:root:Symbology block for windbarb(pcode=4): [3068, 243, 325, 269.0, 12.861]
INFO:root:Symbology block for windbarb(pcode=4): [3082, 243, 310, 272.0, 13.375440000000001]
INFO:root:Symbology block for windbarb(pcode=4): [3096, 243, 295, 269.0, 10.80324]
INFO:root:Symbology block for windbarb(pcode=4): [3110, 243, 281, 258.0, 7.20216]
INFO:root:[3122, 8, 8, 2, 243, 266, b'ND']
INFO:root:Symbology block for windbarb(pcode=8): [3122, 243, 266, nan, nan]
INFO:root:[3134, 8, 8, 2, 243, 251, b'ND']
INFO:root:Symbology block for windbarb(pcode=8): [3134, 243, 251, nan, nan]
INFO:root:[3146, 8, 8, 2, 243, 236, b'ND']
INFO:root:Symbology block for windbarb(pcode=8): [3146, 243, 236, nan, nan]
INFO:root:[3158, 8, 8, 2, 243, 221, b'ND']
INFO:root:Symbology block for windbarb(pcode=8): [3158, 243, 221, nan, nan]
INFO:root:[3170, 8, 8, 2, 243, 206, b'ND']
INFO:root:Symbology block for windbarb(pcode=8): [3170, 243, 206, nan, nan]
INFO:root:[3182, 8, 8, 2, 243, 192, b'ND']
INFO:root:Symbology block for windbarb(pcode=8): [3182, 243, 192, nan, nan]
INFO:root:[3194, 8, 8, 2, 243, 177, b'ND']
INFO:root:Symbology block for windbarb(pcode=8): [3194, 243, 177, nan, nan]
INFO:root:[3206, 8, 8, 2, 243, 162, b'ND']
INFO:root:Symbology block for windbarb(pcode=8): [3206, 243, 162, nan, nan]
INFO:root:Symbology block for windbarb(pcode=4): [3220, 243, 147, 45.0, 0.51444]
INFO:root:[3232, 8, 8, 2, 243, 132, b'ND']
INFO:root:Symbology block for windbarb(pcode=8): [3232, 243, 132, nan, nan]
INFO:root:[3244, 8, 8, 2, 243, 117, b'ND']
INFO:root:Symbology block for windbarb(pcode=8): [3244, 243, 117, nan, nan]
INFO:root:[3256, 8, 8, 2, 243, 103, b'ND']
INFO:root:Symbology block for windbarb(pcode=8): [3256, 243, 103, nan, nan]
INFO:root:[3268, 8, 8, 2, 243, 88, b'ND']
INFO:root:Symbology block for windbarb(pcode=8): [3268, 243, 88, nan, nan]
INFO:root:[3280, 8, 8, 2, 243, 73, b'ND']
INFO:root:Symbology block for windbarb(pcode=8): [3280, 243, 73, nan, nan]
INFO:root:[3292, 8, 8, 2, 243, 58, b'ND']
INFO:root:Symbology block for windbarb(pcode=8): [3292, 243, 58, nan, nan]
INFO:root:[3304, 8, 8, 2, 243, 43, b'ND']
INFO:root:Symbology block for windbarb(pcode=8): [3304, 243, 43, nan, nan]
INFO:root:[3316, 8, 8, 2, 243, 28, b'ND']
INFO:root:Symbology block for windbarb(pcode=8): [3316, 243, 28, nan, nan]
INFO:root:[3328, 8, 8, 2, 243, 14, b'ND']
INFO:root:Symbology block for windbarb(pcode=8): [3328, 243, 14, nan, nan]
INFO:root:Symbology block for windbarb(pcode=4): [3342, 282, 444, 179.0, 7.7166]
INFO:root:Symbology block for windbarb(pcode=4): [3356, 282, 429, 180.0, 5.65884]
INFO:root:Symbology block for windbarb(pcode=4): [3370, 282, 414, 198.0, 8.23104]
INFO:root:Symbology block for windbarb(pcode=4): [3384, 282, 399, 205.0, 9.259920000000001]
INFO:root:Symbology block for windbarb(pcode=4): [3398, 282, 384, 214.0, 9.259920000000001]
INFO:root:Symbology block for windbarb(pcode=4): [3412, 282, 370, 225.0, 8.74548]
INFO:root:Symbology block for windbarb(pcode=4): [3426, 282, 355, 242.0, 8.23104]
INFO:root:Symbology block for windbarb(pcode=4): [3440, 282, 340, 257.0, 10.80324]
INFO:root:Symbology block for windbarb(pcode=4): [3454, 282, 325, 271.0, 13.88988]
INFO:root:Symbology block for windbarb(pcode=4): [3468, 282, 310, 270.0, 13.375440000000001]
INFO:root:Symbology block for windbarb(pcode=4): [3482, 282, 295, 270.0, 10.80324]
INFO:root:Symbology block for windbarb(pcode=4): [3496, 282, 281, 261.0, 6.6877200000000006]
INFO:root:[3508, 8, 8, 2, 282, 266, b'ND']
INFO:root:Symbology block for windbarb(pcode=8): [3508, 282, 266, nan, nan]
INFO:root:[3520, 8, 8, 2, 282, 251, b'ND']
INFO:root:Symbology block for windbarb(pcode=8): [3520, 282, 251, nan, nan]
INFO:root:[3532, 8, 8, 2, 282, 236, b'ND']
INFO:root:Symbology block for windbarb(pcode=8): [3532, 282, 236, nan, nan]
INFO:root:[3544, 8, 8, 2, 282, 221, b'ND']
INFO:root:Symbology block for windbarb(pcode=8): [3544, 282, 221, nan, nan]
INFO:root:[3556, 8, 8, 2, 282, 206, b'ND']
INFO:root:Symbology block for windbarb(pcode=8): [3556, 282, 206, nan, nan]
INFO:root:[3568, 8, 8, 2, 282, 192, b'ND']
INFO:root:Symbology block for windbarb(pcode=8): [3568, 282, 192, nan, nan]
INFO:root:[3580, 8, 8, 2, 282, 177, b'ND']
INFO:root:Symbology block for windbarb(pcode=8): [3580, 282, 177, nan, nan]
INFO:root:[3592, 8, 8, 2, 282, 162, b'ND']
INFO:root:Symbology block for windbarb(pcode=8): [3592, 282, 162, nan, nan]
INFO:root:Symbology block for windbarb(pcode=4): [3606, 282, 147, 10.0, 1.54332]
INFO:root:[3618, 8, 8, 2, 282, 132, b'ND']
INFO:root:Symbology block for windbarb(pcode=8): [3618, 282, 132, nan, nan]
INFO:root:[3630, 8, 8, 2, 282, 117, b'ND']
INFO:root:Symbology block for windbarb(pcode=8): [3630, 282, 117, nan, nan]
INFO:root:[3642, 8, 8, 2, 282, 103, b'ND']
INFO:root:Symbology block for windbarb(pcode=8): [3642, 282, 103, nan, nan]
INFO:root:[3654, 8, 8, 2, 282, 88, b'ND']
INFO:root:Symbology block for windbarb(pcode=8): [3654, 282, 88, nan, nan]
INFO:root:[3666, 8, 8, 2, 282, 73, b'ND']
INFO:root:Symbology block for windbarb(pcode=8): [3666, 282, 73, nan, nan]
INFO:root:[3678, 8, 8, 2, 282, 58, b'ND']
INFO:root:Symbology block for windbarb(pcode=8): [3678, 282, 58, nan, nan]
INFO:root:[3690, 8, 8, 2, 282, 43, b'ND']
INFO:root:Symbology block for windbarb(pcode=8): [3690, 282, 43, nan, nan]
INFO:root:[3702, 8, 8, 2, 282, 28, b'ND']
INFO:root:Symbology block for windbarb(pcode=8): [3702, 282, 28, nan, nan]
INFO:root:[3714, 8, 8, 2, 282, 14, b'ND']
INFO:root:Symbology block for windbarb(pcode=8): [3714, 282, 14, nan, nan]
INFO:root:Symbology block for windbarb(pcode=4): [3728, 320, 444, 172.0, 6.17328]
INFO:root:Symbology block for windbarb(pcode=4): [3742, 320, 429, 193.0, 6.17328]
INFO:root:Symbology block for windbarb(pcode=4): [3756, 320, 414, 195.0, 7.20216]
INFO:root:Symbology block for windbarb(pcode=4): [3770, 320, 399, 205.0, 9.259920000000001]
INFO:root:Symbology block for windbarb(pcode=4): [3784, 320, 384, 219.0, 9.259920000000001]
INFO:root:Symbology block for windbarb(pcode=4): [3798, 320, 370, 229.0, 8.74548]
INFO:root:Symbology block for windbarb(pcode=4): [3812, 320, 355, 243.0, 8.23104]
INFO:root:Symbology block for windbarb(pcode=4): [3826, 320, 340, 258.0, 10.80324]
INFO:root:Symbology block for windbarb(pcode=4): [3840, 320, 325, 272.0, 14.40432]
INFO:root:Symbology block for windbarb(pcode=4): [3854, 320, 310, 273.0, 13.88988]
INFO:root:Symbology block for windbarb(pcode=4): [3868, 320, 295, 274.0, 12.861]
INFO:root:Symbology block for windbarb(pcode=4): [3882, 320, 281, 254.0, 4.11552]
INFO:root:[3894, 8, 8, 2, 320, 266, b'ND']
INFO:root:Symbology block for windbarb(pcode=8): [3894, 320, 266, nan, nan]
INFO:root:[3906, 8, 8, 2, 320, 251, b'ND']
INFO:root:Symbology block for windbarb(pcode=8): [3906, 320, 251, nan, nan]
INFO:root:[3918, 8, 8, 2, 320, 236, b'ND']
INFO:root:Symbology block for windbarb(pcode=8): [3918, 320, 236, nan, nan]
INFO:root:[3930, 8, 8, 2, 320, 221, b'ND']
INFO:root:Symbology block for windbarb(pcode=8): [3930, 320, 221, nan, nan]
INFO:root:[3942, 8, 8, 2, 320, 206, b'ND']
INFO:root:Symbology block for windbarb(pcode=8): [3942, 320, 206, nan, nan]
INFO:root:[3954, 8, 8, 2, 320, 192, b'ND']
INFO:root:Symbology block for windbarb(pcode=8): [3954, 320, 192, nan, nan]
INFO:root:[3966, 8, 8, 2, 320, 177, b'ND']
INFO:root:Symbology block for windbarb(pcode=8): [3966, 320, 177, nan, nan]
INFO:root:[3978, 8, 8, 2, 320, 162, b'ND']
INFO:root:Symbology block for windbarb(pcode=8): [3978, 320, 162, nan, nan]
INFO:root:Symbology block for windbarb(pcode=4): [3992, 320, 147, 33.0, 0.0]
INFO:root:[4004, 8, 8, 2, 320, 132, b'ND']
INFO:root:Symbology block for windbarb(pcode=8): [4004, 320, 132, nan, nan]
INFO:root:[4016, 8, 8, 2, 320, 117, b'ND']
INFO:root:Symbology block for windbarb(pcode=8): [4016, 320, 117, nan, nan]
INFO:root:[4028, 8, 8, 2, 320, 103, b'ND']
INFO:root:Symbology block for windbarb(pcode=8): [4028, 320, 103, nan, nan]
INFO:root:[4040, 8, 8, 2, 320, 88, b'ND']
INFO:root:Symbology block for windbarb(pcode=8): [4040, 320, 88, nan, nan]
INFO:root:[4052, 8, 8, 2, 320, 73, b'ND']
INFO:root:Symbology block for windbarb(pcode=8): [4052, 320, 73, nan, nan]
INFO:root:[4064, 8, 8, 2, 320, 58, b'ND']
INFO:root:Symbology block for windbarb(pcode=8): [4064, 320, 58, nan, nan]
INFO:root:[4076, 8, 8, 2, 320, 43, b'ND']
INFO:root:Symbology block for windbarb(pcode=8): [4076, 320, 43, nan, nan]
INFO:root:[4088, 8, 8, 2, 320, 28, b'ND']
INFO:root:Symbology block for windbarb(pcode=8): [4088, 320, 28, nan, nan]
INFO:root:[4100, 8, 8, 2, 320, 14, b'ND']
INFO:root:Symbology block for windbarb(pcode=8): [4100, 320, 14, nan, nan]
INFO:root:Symbology block for windbarb(pcode=4): [4114, 358, 444, 177.0, 7.20216]
INFO:root:Symbology block for windbarb(pcode=4): [4128, 358, 429, 182.0, 7.7166]
INFO:root:Symbology block for windbarb(pcode=4): [4142, 358, 414, 196.0, 6.17328]
INFO:root:Symbology block for windbarb(pcode=4): [4156, 358, 399, 207.0, 8.74548]
INFO:root:Symbology block for windbarb(pcode=4): [4170, 358, 384, 215.0, 9.259920000000001]
INFO:root:Symbology block for windbarb(pcode=4): [4184, 358, 370, 223.0, 8.74548]
INFO:root:Symbology block for windbarb(pcode=4): [4198, 358, 355, 237.0, 9.259920000000001]
INFO:root:Symbology block for windbarb(pcode=4): [4212, 358, 340, 259.0, 11.31768]
INFO:root:Symbology block for windbarb(pcode=4): [4226, 358, 325, 271.0, 14.40432]
INFO:root:Symbology block for windbarb(pcode=4): [4240, 358, 310, 273.0, 13.375440000000001]
INFO:root:Symbology block for windbarb(pcode=4): [4254, 358, 295, 271.0, 13.375440000000001]
INFO:root:Symbology block for windbarb(pcode=4): [4268, 358, 281, 239.0, 5.1444]
INFO:root:Symbology block for windbarb(pcode=4): [4282, 358, 266, 303.0, 1.54332]
INFO:root:Symbology block for windbarb(pcode=4): [4296, 358, 251, 6.0, 1.54332]
INFO:root:[4308, 8, 8, 2, 358, 236, b'ND']
INFO:root:Symbology block for windbarb(pcode=8): [4308, 358, 236, nan, nan]
INFO:root:[4320, 8, 8, 2, 358, 221, b'ND']
INFO:root:Symbology block for windbarb(pcode=8): [4320, 358, 221, nan, nan]
INFO:root:[4332, 8, 8, 2, 358, 206, b'ND']
INFO:root:Symbology block for windbarb(pcode=8): [4332, 358, 206, nan, nan]
INFO:root:[4344, 8, 8, 2, 358, 192, b'ND']
INFO:root:Symbology block for windbarb(pcode=8): [4344, 358, 192, nan, nan]
INFO:root:[4356, 8, 8, 2, 358, 177, b'ND']
INFO:root:Symbology block for windbarb(pcode=8): [4356, 358, 177, nan, nan]
INFO:root:[4368, 8, 8, 2, 358, 162, b'ND']
INFO:root:Symbology block for windbarb(pcode=8): [4368, 358, 162, nan, nan]
INFO:root:Symbology block for windbarb(pcode=4): [4382, 358, 147, 54.0, 0.51444]
INFO:root:[4394, 8, 8, 2, 358, 132, b'ND']
INFO:root:Symbology block for windbarb(pcode=8): [4394, 358, 132, nan, nan]
INFO:root:[4406, 8, 8, 2, 358, 117, b'ND']
INFO:root:Symbology block for windbarb(pcode=8): [4406, 358, 117, nan, nan]
INFO:root:[4418, 8, 8, 2, 358, 103, b'ND']
INFO:root:Symbology block for windbarb(pcode=8): [4418, 358, 103, nan, nan]
INFO:root:[4430, 8, 8, 2, 358, 88, b'ND']
INFO:root:Symbology block for windbarb(pcode=8): [4430, 358, 88, nan, nan]
INFO:root:[4442, 8, 8, 2, 358, 73, b'ND']
INFO:root:Symbology block for windbarb(pcode=8): [4442, 358, 73, nan, nan]
INFO:root:[4454, 8, 8, 2, 358, 58, b'ND']
INFO:root:Symbology block for windbarb(pcode=8): [4454, 358, 58, nan, nan]
INFO:root:[4466, 8, 8, 2, 358, 43, b'ND']
INFO:root:Symbology block for windbarb(pcode=8): [4466, 358, 43, nan, nan]
INFO:root:[4478, 8, 8, 2, 358, 28, b'ND']
INFO:root:Symbology block for windbarb(pcode=8): [4478, 358, 28, nan, nan]
INFO:root:[4490, 8, 8, 2, 358, 14, b'ND']
INFO:root:Symbology block for windbarb(pcode=8): [4490, 358, 14, nan, nan]
INFO:root:Symbology block for windbarb(pcode=4): [4504, 397, 444, 182.0, 6.6877200000000006]
INFO:root:Symbology block for windbarb(pcode=4): [4518, 397, 429, 193.0, 6.6877200000000006]
INFO:root:Symbology block for windbarb(pcode=4): [4532, 397, 414, 203.0, 7.7166]
INFO:root:Symbology block for windbarb(pcode=4): [4546, 397, 399, 206.0, 8.23104]
INFO:root:Symbology block for windbarb(pcode=4): [4560, 397, 384, 208.0, 9.259920000000001]
INFO:root:Symbology block for windbarb(pcode=4): [4574, 397, 370, 224.0, 8.23104]
INFO:root:Symbology block for windbarb(pcode=4): [4588, 397, 355, 240.0, 8.74548]
INFO:root:Symbology block for windbarb(pcode=4): [4602, 397, 340, 258.0, 10.80324]
INFO:root:Symbology block for windbarb(pcode=4): [4616, 397, 325, 271.0, 14.40432]
INFO:root:Symbology block for windbarb(pcode=4): [4630, 397, 310, 273.0, 13.88988]
INFO:root:Symbology block for windbarb(pcode=4): [4644, 397, 295, 266.0, 9.77436]
INFO:root:[4656, 8, 8, 2, 397, 281, b'ND']
INFO:root:Symbology block for windbarb(pcode=8): [4656, 397, 281, nan, nan]
INFO:root:[4668, 8, 8, 2, 397, 266, b'ND']
INFO:root:Symbology block for windbarb(pcode=8): [4668, 397, 266, nan, nan]
INFO:root:[4680, 8, 8, 2, 397, 251, b'ND']
INFO:root:Symbology block for windbarb(pcode=8): [4680, 397, 251, nan, nan]
INFO:root:[4692, 8, 8, 2, 397, 236, b'ND']
INFO:root:Symbology block for windbarb(pcode=8): [4692, 397, 236, nan, nan]
INFO:root:[4704, 8, 8, 2, 397, 221, b'ND']
INFO:root:Symbology block for windbarb(pcode=8): [4704, 397, 221, nan, nan]
INFO:root:[4716, 8, 8, 2, 397, 206, b'ND']
INFO:root:Symbology block for windbarb(pcode=8): [4716, 397, 206, nan, nan]
INFO:root:[4728, 8, 8, 2, 397, 192, b'ND']
INFO:root:Symbology block for windbarb(pcode=8): [4728, 397, 192, nan, nan]
INFO:root:[4740, 8, 8, 2, 397, 177, b'ND']
INFO:root:Symbology block for windbarb(pcode=8): [4740, 397, 177, nan, nan]
INFO:root:[4752, 8, 8, 2, 397, 162, b'ND']
INFO:root:Symbology block for windbarb(pcode=8): [4752, 397, 162, nan, nan]
INFO:root:[4764, 8, 8, 2, 397, 147, b'ND']
INFO:root:Symbology block for windbarb(pcode=8): [4764, 397, 147, nan, nan]
INFO:root:[4776, 8, 8, 2, 397, 132, b'ND']
INFO:root:Symbology block for windbarb(pcode=8): [4776, 397, 132, nan, nan]
INFO:root:[4788, 8, 8, 2, 397, 117, b'ND']
INFO:root:Symbology block for windbarb(pcode=8): [4788, 397, 117, nan, nan]
INFO:root:[4800, 8, 8, 2, 397, 103, b'ND']
INFO:root:Symbology block for windbarb(pcode=8): [4800, 397, 103, nan, nan]
INFO:root:[4812, 8, 8, 2, 397, 88, b'ND']
INFO:root:Symbology block for windbarb(pcode=8): [4812, 397, 88, nan, nan]
INFO:root:[4824, 8, 8, 2, 397, 73, b'ND']
INFO:root:Symbology block for windbarb(pcode=8): [4824, 397, 73, nan, nan]
INFO:root:[4836, 8, 8, 2, 397, 58, b'ND']
INFO:root:Symbology block for windbarb(pcode=8): [4836, 397, 58, nan, nan]
INFO:root:[4848, 8, 8, 2, 397, 43, b'ND']
INFO:root:Symbology block for windbarb(pcode=8): [4848, 397, 43, nan, nan]
INFO:root:[4860, 8, 8, 2, 397, 28, b'ND']
INFO:root:Symbology block for windbarb(pcode=8): [4860, 397, 28, nan, nan]
INFO:root:[4872, 8, 8, 2, 397, 14, b'ND']
INFO:root:Symbology block for windbarb(pcode=8): [4872, 397, 14, nan, nan]
INFO:root:Symbology block for windbarb(pcode=4): [4886, 435, 444, 180.0, 6.6877200000000006]
INFO:root:Symbology block for windbarb(pcode=4): [4900, 435, 429, 186.0, 6.17328]
INFO:root:Symbology block for windbarb(pcode=4): [4914, 435, 414, 198.0, 8.23104]
INFO:root:Symbology block for windbarb(pcode=4): [4928, 435, 399, 204.0, 8.23104]
INFO:root:Symbology block for windbarb(pcode=4): [4942, 435, 384, 221.0, 9.259920000000001]
INFO:root:Symbology block for windbarb(pcode=4): [4956, 435, 370, 230.0, 8.23104]
INFO:root:Symbology block for windbarb(pcode=4): [4970, 435, 355, 242.0, 9.259920000000001]
INFO:root:Symbology block for windbarb(pcode=4): [4984, 435, 340, 259.0, 11.83212]
INFO:root:Symbology block for windbarb(pcode=4): [4998, 435, 325, 270.0, 13.88988]
INFO:root:Symbology block for windbarb(pcode=4): [5012, 435, 310, 275.0, 13.375440000000001]
INFO:root:Symbology block for windbarb(pcode=4): [5026, 435, 295, 273.0, 12.34656]
INFO:root:Symbology block for windbarb(pcode=4): [5040, 435, 281, 267.0, 7.7166]
INFO:root:[5052, 8, 8, 2, 435, 266, b'ND']
INFO:root:Symbology block for windbarb(pcode=8): [5052, 435, 266, nan, nan]
INFO:root:Symbology block for windbarb(pcode=4): [5066, 435, 251, 348.0, 0.51444]
INFO:root:[5078, 8, 8, 2, 435, 236, b'ND']
INFO:root:Symbology block for windbarb(pcode=8): [5078, 435, 236, nan, nan]
INFO:root:[5090, 8, 8, 2, 435, 221, b'ND']
INFO:root:Symbology block for windbarb(pcode=8): [5090, 435, 221, nan, nan]
INFO:root:[5102, 8, 8, 2, 435, 206, b'ND']
INFO:root:Symbology block for windbarb(pcode=8): [5102, 435, 206, nan, nan]
INFO:root:[5114, 8, 8, 2, 435, 192, b'ND']
INFO:root:Symbology block for windbarb(pcode=8): [5114, 435, 192, nan, nan]
INFO:root:[5126, 8, 8, 2, 435, 177, b'ND']
INFO:root:Symbology block for windbarb(pcode=8): [5126, 435, 177, nan, nan]
INFO:root:[5138, 8, 8, 2, 435, 162, b'ND']
INFO:root:Symbology block for windbarb(pcode=8): [5138, 435, 162, nan, nan]
INFO:root:Symbology block for windbarb(pcode=4): [5152, 435, 147, 16.0, 0.51444]
INFO:root:[5164, 8, 8, 2, 435, 132, b'ND']
INFO:root:Symbology block for windbarb(pcode=8): [5164, 435, 132, nan, nan]
INFO:root:[5176, 8, 8, 2, 435, 117, b'ND']
INFO:root:Symbology block for windbarb(pcode=8): [5176, 435, 117, nan, nan]
INFO:root:[5188, 8, 8, 2, 435, 103, b'ND']
INFO:root:Symbology block for windbarb(pcode=8): [5188, 435, 103, nan, nan]
INFO:root:[5200, 8, 8, 2, 435, 88, b'ND']
INFO:root:Symbology block for windbarb(pcode=8): [5200, 435, 88, nan, nan]
INFO:root:[5212, 8, 8, 2, 435, 73, b'ND']
INFO:root:Symbology block for windbarb(pcode=8): [5212, 435, 73, nan, nan]
INFO:root:[5224, 8, 8, 2, 435, 58, b'ND']
INFO:root:Symbology block for windbarb(pcode=8): [5224, 435, 58, nan, nan]
INFO:root:[5236, 8, 8, 2, 435, 43, b'ND']
INFO:root:Symbology block for windbarb(pcode=8): [5236, 435, 43, nan, nan]
INFO:root:[5248, 8, 8, 2, 435, 28, b'ND']
INFO:root:Symbology block for windbarb(pcode=8): [5248, 435, 28, nan, nan]
INFO:root:[5260, 8, 8, 2, 435, 14, b'ND']
INFO:root:Symbology block for windbarb(pcode=8): [5260, 435, 14, nan, nan]
INFO:root:Symbology block for windbarb(pcode=4): [5274, 473, 444, 184.0, 6.17328]
INFO:root:Symbology block for windbarb(pcode=4): [5288, 473, 429, 204.0, 5.65884]
INFO:root:Symbology block for windbarb(pcode=4): [5302, 473, 414, 201.0, 7.7166]
INFO:root:Symbology block for windbarb(pcode=4): [5316, 473, 399, 203.0, 8.74548]
INFO:root:Symbology block for windbarb(pcode=4): [5330, 473, 384, 209.0, 9.77436]
INFO:root:Symbology block for windbarb(pcode=4): [5344, 473, 370, 229.0, 8.74548]
INFO:root:Symbology block for windbarb(pcode=4): [5358, 473, 355, 242.0, 8.74548]
INFO:root:Symbology block for windbarb(pcode=4): [5372, 473, 340, 262.0, 11.31768]
INFO:root:Symbology block for windbarb(pcode=4): [5386, 473, 325, 272.0, 13.375440000000001]
INFO:root:Symbology block for windbarb(pcode=4): [5400, 473, 310, 275.0, 13.375440000000001]
INFO:root:Symbology block for windbarb(pcode=4): [5414, 473, 295, 259.0, 10.80324]
INFO:root:Symbology block for windbarb(pcode=4): [5428, 473, 281, 268.0, 6.6877200000000006]
INFO:root:[5440, 8, 8, 2, 473, 266, b'ND']
INFO:root:Symbology block for windbarb(pcode=8): [5440, 473, 266, nan, nan]
INFO:root:[5452, 8, 8, 2, 473, 251, b'ND']
INFO:root:Symbology block for windbarb(pcode=8): [5452, 473, 251, nan, nan]
INFO:root:[5464, 8, 8, 2, 473, 236, b'ND']
INFO:root:Symbology block for windbarb(pcode=8): [5464, 473, 236, nan, nan]
INFO:root:[5476, 8, 8, 2, 473, 221, b'ND']
INFO:root:Symbology block for windbarb(pcode=8): [5476, 473, 221, nan, nan]
INFO:root:[5488, 8, 8, 2, 473, 206, b'ND']
INFO:root:Symbology block for windbarb(pcode=8): [5488, 473, 206, nan, nan]
INFO:root:[5500, 8, 8, 2, 473, 192, b'ND']
INFO:root:Symbology block for windbarb(pcode=8): [5500, 473, 192, nan, nan]
INFO:root:[5512, 8, 8, 2, 473, 177, b'ND']
INFO:root:Symbology block for windbarb(pcode=8): [5512, 473, 177, nan, nan]
INFO:root:[5524, 8, 8, 2, 473, 162, b'ND']
INFO:root:Symbology block for windbarb(pcode=8): [5524, 473, 162, nan, nan]
INFO:root:Symbology block for windbarb(pcode=4): [5538, 473, 147, 70.0, 0.51444]
INFO:root:[5550, 8, 8, 2, 473, 132, b'ND']
INFO:root:Symbology block for windbarb(pcode=8): [5550, 473, 132, nan, nan]
INFO:root:[5562, 8, 8, 2, 473, 117, b'ND']
INFO:root:Symbology block for windbarb(pcode=8): [5562, 473, 117, nan, nan]
INFO:root:[5574, 8, 8, 2, 473, 103, b'ND']
INFO:root:Symbology block for windbarb(pcode=8): [5574, 473, 103, nan, nan]
INFO:root:[5586, 8, 8, 2, 473, 88, b'ND']
INFO:root:Symbology block for windbarb(pcode=8): [5586, 473, 88, nan, nan]
INFO:root:[5598, 8, 8, 2, 473, 73, b'ND']
INFO:root:Symbology block for windbarb(pcode=8): [5598, 473, 73, nan, nan]
INFO:root:[5610, 8, 8, 2, 473, 58, b'ND']
INFO:root:Symbology block for windbarb(pcode=8): [5610, 473, 58, nan, nan]
INFO:root:[5622, 8, 8, 2, 473, 43, b'ND']
INFO:root:Symbology block for windbarb(pcode=8): [5622, 473, 43, nan, nan]
INFO:root:[5634, 8, 8, 2, 473, 28, b'ND']
INFO:root:Symbology block for windbarb(pcode=8): [5634, 473, 28, nan, nan]
INFO:root:[5646, 8, 8, 2, 473, 14, b'ND']
INFO:root:Symbology block for windbarb(pcode=8): [5646, 473, 14, nan, nan]
